{"/home/prncss/projects/joy-machines/src/coreMachine.ts": {"path":"/home/prncss/projects/joy-machines/src/coreMachine.ts","statementMap":{"0":{"start":{"line":22,"column":7},"end":{"line":22,"column":null}},"1":{"start":{"line":23,"column":7},"end":{"line":29,"column":null}},"2":{"start":{"line":24,"column":11},"end":{"line":24,"column":null}},"3":{"start":{"line":26,"column":16},"end":{"line":26,"column":null}},"4":{"start":{"line":27,"column":3},"end":{"line":27,"column":null}},"5":{"start":{"line":27,"column":26},"end":{"line":27,"column":null}},"6":{"start":{"line":30,"column":7},"end":{"line":36,"column":null}},"7":{"start":{"line":30,"column":14},"end":{"line":36,"column":null}},"8":{"start":{"line":32,"column":15},"end":{"line":32,"column":null}},"9":{"start":{"line":33,"column":16},"end":{"line":33,"column":null}},"10":{"start":{"line":34,"column":16},"end":{"line":34,"column":null}},"11":{"start":{"line":34,"column":57},"end":{"line":34,"column":70}},"12":{"start":{"line":35,"column":3},"end":{"line":35,"column":null}},"13":{"start":{"line":37,"column":7},"end":{"line":38,"column":null}},"14":{"start":{"line":37,"column":15},"end":{"line":38,"column":null}},"15":{"start":{"line":38,"column":16},"end":{"line":38,"column":65}},"16":{"start":{"line":39,"column":1},"end":{"line":43,"column":null}}},"fnMap":{"0":{"name":"choreMachine","decl":{"start":{"line":18,"column":16},"end":{"line":18,"column":null}},"loc":{"start":{"line":21,"column":2},"end":{"line":44,"column":null}},"line":21},"1":{"name":"(anonymous_1)","decl":{"start":{"line":23,"column":17},"end":{"line":23,"column":null}},"loc":{"start":{"line":24,"column":11},"end":{"line":24,"column":null}},"line":24},"2":{"name":"(anonymous_2)","decl":{"start":{"line":24,"column":20},"end":{"line":24,"column":null}},"loc":{"start":{"line":25,"column":32},"end":{"line":28,"column":null}},"line":25},"3":{"name":"(anonymous_3)","decl":{"start":{"line":30,"column":7},"end":{"line":30,"column":14}},"loc":{"start":{"line":30,"column":14},"end":{"line":36,"column":null}},"line":30},"4":{"name":"(anonymous_4)","decl":{"start":{"line":31,"column":2},"end":{"line":31,"column":8}},"loc":{"start":{"line":31,"column":16},"end":{"line":36,"column":3}},"line":31},"5":{"name":"(anonymous_5)","decl":{"start":{"line":34,"column":44},"end":{"line":34,"column":57}},"loc":{"start":{"line":34,"column":57},"end":{"line":34,"column":70}},"line":34},"6":{"name":"(anonymous_6)","decl":{"start":{"line":37,"column":7},"end":{"line":37,"column":15}},"loc":{"start":{"line":37,"column":15},"end":{"line":38,"column":null}},"line":37},"7":{"name":"(anonymous_7)","decl":{"start":{"line":38,"column":2},"end":{"line":38,"column":8}},"loc":{"start":{"line":38,"column":16},"end":{"line":38,"column":65}},"line":38},"8":{"name":"(anonymous_8)","decl":{"start":{"line":38,"column":53},"end":{"line":38,"column":62}},"loc":{"start":{"line":38,"column":62},"end":{"line":38,"column":64}},"line":38}},"branchMap":{"0":{"loc":{"start":{"line":27,"column":3},"end":{"line":27,"column":null}},"type":"if","locations":[{"start":{"line":27,"column":3},"end":{"line":27,"column":null}},{"start":{},"end":{}}],"line":27},"1":{"loc":{"start":{"line":35,"column":10},"end":{"line":35,"column":null}},"type":"binary-expr","locations":[{"start":{"line":35,"column":10},"end":{"line":35,"column":31}},{"start":{"line":35,"column":31},"end":{"line":35,"column":56}},{"start":{"line":35,"column":56},"end":{"line":35,"column":null}}],"line":35}},"s":{"0":9,"1":9,"2":14,"3":9,"4":9,"5":7,"6":9,"7":8,"8":8,"9":8,"10":8,"11":1,"12":8,"13":9,"14":7,"15":7,"16":9},"f":{"0":9,"1":14,"2":9,"3":8,"4":8,"5":1,"6":7,"7":7,"8":1},"b":{"0":[7,2],"1":[8,5,2]},"meta":{"lastBranch":2,"lastFunction":9,"lastStatement":17,"seen":{"f:18:16:18:Infinity":0,"s:22:7:22:Infinity":0,"s:23:7:29:Infinity":1,"f:23:17:23:Infinity":1,"s:24:11:24:Infinity":2,"f:24:20:24:Infinity":2,"s:26:16:26:Infinity":3,"b:27:3:27:Infinity:undefined:undefined:undefined:undefined":0,"s:27:3:27:Infinity":4,"s:27:26:27:Infinity":5,"s:30:7:36:Infinity":6,"f:30:7:30:14":3,"s:30:14:36:Infinity":7,"f:31:2:31:8":4,"s:32:15:32:Infinity":8,"s:33:16:33:Infinity":9,"s:34:16:34:Infinity":10,"f:34:44:34:57":5,"s:34:57:34:70":11,"s:35:3:35:Infinity":12,"b:35:10:35:31:35:31:35:56:35:56:35:Infinity":1,"s:37:7:38:Infinity":13,"f:37:7:37:15":6,"s:37:15:38:Infinity":14,"f:38:2:38:8":7,"s:38:16:38:65":15,"f:38:53:38:62":8,"s:39:1:43:Infinity":16}}}
,"/home/prncss/projects/joy-machines/src/types.ts": {"path":"/home/prncss/projects/joy-machines/src/types.ts","statementMap":{"0":{"start":{"line":7,"column":20},"end":{"line":7,"column":null}},"1":{"start":{"line":9,"column":23},"end":{"line":9,"column":null}}},"fnMap":{},"branchMap":{},"s":{"0":1,"1":1},"f":{},"b":{},"meta":{"lastBranch":0,"lastFunction":0,"lastStatement":2,"seen":{"s:7:20:7:Infinity":0,"s:9:23:9:Infinity":1}}}
,"/home/prncss/projects/joy-machines/src/utils/guards.ts": {"path":"/home/prncss/projects/joy-machines/src/utils/guards.ts","statementMap":{"0":{"start":{"line":4,"column":1},"end":{"line":4,"column":null}}},"fnMap":{"0":{"name":"isFunction","decl":{"start":{"line":3,"column":16},"end":{"line":3,"column":27}},"loc":{"start":{"line":3,"column":57},"end":{"line":5,"column":null}},"line":3}},"branchMap":{},"s":{"0":9},"f":{"0":9},"b":{},"meta":{"lastBranch":0,"lastFunction":1,"lastStatement":1,"seen":{"f:3:16:3:27":0,"s:4:1:4:Infinity":0}}}
,"/home/prncss/projects/joy-machines/src/utils/init.ts": {"path":"/home/prncss/projects/joy-machines/src/utils/init.ts","statementMap":{"0":{"start":{"line":6,"column":1},"end":{"line":6,"column":null}}},"fnMap":{"0":{"name":"fromInit","decl":{"start":{"line":5,"column":16},"end":{"line":5,"column":30}},"loc":{"start":{"line":5,"column":60},"end":{"line":7,"column":null}},"line":5}},"branchMap":{"0":{"loc":{"start":{"line":6,"column":1},"end":{"line":6,"column":null}},"type":"cond-expr","locations":[{"start":{"line":6,"column":27},"end":{"line":6,"column":36}},{"start":{"line":6,"column":36},"end":{"line":6,"column":null}}],"line":6}},"s":{"0":9},"f":{"0":9},"b":{"0":[1,8]},"meta":{"lastBranch":1,"lastFunction":1,"lastStatement":1,"seen":{"f:5:16:5:30":0,"s:6:1:6:Infinity":0,"b:6:27:6:36:6:36:6:Infinity":0}}}
,"/home/prncss/projects/joy-machines/src/utils/sendable.ts": {"path":"/home/prncss/projects/joy-machines/src/utils/sendable.ts","statementMap":{"0":{"start":{"line":10,"column":1},"end":{"line":12,"column":null}}},"fnMap":{"0":{"name":"fromSendable","decl":{"start":{"line":9,"column":16},"end":{"line":9,"column":32}},"loc":{"start":{"line":9,"column":61},"end":{"line":13,"column":null}},"line":9}},"branchMap":{"0":{"loc":{"start":{"line":10,"column":8},"end":{"line":12,"column":null}},"type":"cond-expr","locations":[{"start":{"line":11,"column":5},"end":{"line":11,"column":null}},{"start":{"line":12,"column":5},"end":{"line":12,"column":null}}],"line":10}},"s":{"0":24},"f":{"0":24},"b":{"0":[17,7]},"meta":{"lastBranch":1,"lastFunction":1,"lastStatement":1,"seen":{"f:9:16:9:32":0,"s:10:1:12:Infinity":0,"b:11:5:11:Infinity:12:5:12:Infinity":0}}}
}
